[debug] [2025-11-23T11:03:23.152Z] ----------------------------------------------------------------------
[debug] [2025-11-23T11:03:23.155Z] Command:       /Users/Ruffles/.nvm/versions/node/v20.18.1/bin/node /Users/Ruffles/.nvm/versions/node/v20.18.1/bin/firebase deploy --only functions
[debug] [2025-11-23T11:03:23.155Z] CLI Version:   14.26.0
[debug] [2025-11-23T11:03:23.155Z] Platform:      darwin
[debug] [2025-11-23T11:03:23.155Z] Node Version:  v20.18.1
[debug] [2025-11-23T11:03:23.156Z] Time:          Sun Nov 23 2025 20:03:23 GMT+0900 (Korean Standard Time)
[debug] [2025-11-23T11:03:23.156Z] ----------------------------------------------------------------------
[debug] 
[debug] [2025-11-23T11:03:23.312Z] > command requires scopes: ["email","openid","https://www.googleapis.com/auth/cloudplatformprojects.readonly","https://www.googleapis.com/auth/firebase","https://www.googleapis.com/auth/cloud-platform"]
[debug] [2025-11-23T11:03:23.313Z] > authorizing via signed-in user (20011211s@gmail.com)
[debug] [2025-11-23T11:03:23.313Z] [iam] checking project trendfeed-cb56b for permissions ["cloudfunctions.functions.create","cloudfunctions.functions.delete","cloudfunctions.functions.get","cloudfunctions.functions.list","cloudfunctions.functions.update","cloudfunctions.operations.get","firebase.projects.get"]
[debug] [2025-11-23T11:03:23.314Z] Checked if tokens are valid: true, expires at: 1763899256196
[debug] [2025-11-23T11:03:23.314Z] Checked if tokens are valid: true, expires at: 1763899256196
[debug] [2025-11-23T11:03:23.315Z] >>> [apiv2][query] POST https://cloudresourcemanager.googleapis.com/v1/projects/trendfeed-cb56b:testIamPermissions [none]
[debug] [2025-11-23T11:03:23.315Z] >>> [apiv2][(partial)header] POST https://cloudresourcemanager.googleapis.com/v1/projects/trendfeed-cb56b:testIamPermissions x-goog-quota-user=projects/trendfeed-cb56b
[debug] [2025-11-23T11:03:23.315Z] >>> [apiv2][body] POST https://cloudresourcemanager.googleapis.com/v1/projects/trendfeed-cb56b:testIamPermissions {"permissions":["cloudfunctions.functions.create","cloudfunctions.functions.delete","cloudfunctions.functions.get","cloudfunctions.functions.list","cloudfunctions.functions.update","cloudfunctions.operations.get","firebase.projects.get"]}
[debug] [2025-11-23T11:03:23.565Z] <<< [apiv2][status] POST https://cloudresourcemanager.googleapis.com/v1/projects/trendfeed-cb56b:testIamPermissions 200
[debug] [2025-11-23T11:03:23.565Z] <<< [apiv2][body] POST https://cloudresourcemanager.googleapis.com/v1/projects/trendfeed-cb56b:testIamPermissions {"permissions":["cloudfunctions.functions.create","cloudfunctions.functions.delete","cloudfunctions.functions.get","cloudfunctions.functions.list","cloudfunctions.functions.update","cloudfunctions.operations.get","firebase.projects.get"]}
[debug] [2025-11-23T11:03:23.565Z] Checked if tokens are valid: true, expires at: 1763899256196
[debug] [2025-11-23T11:03:23.565Z] Checked if tokens are valid: true, expires at: 1763899256196
[debug] [2025-11-23T11:03:23.566Z] >>> [apiv2][query] POST https://iam.googleapis.com/v1/projects/trendfeed-cb56b/serviceAccounts/trendfeed-cb56b@appspot.gserviceaccount.com:testIamPermissions [none]
[debug] [2025-11-23T11:03:23.566Z] >>> [apiv2][body] POST https://iam.googleapis.com/v1/projects/trendfeed-cb56b/serviceAccounts/trendfeed-cb56b@appspot.gserviceaccount.com:testIamPermissions {"permissions":["iam.serviceAccounts.actAs"]}
[debug] [2025-11-23T11:03:24.879Z] <<< [apiv2][status] POST https://iam.googleapis.com/v1/projects/trendfeed-cb56b/serviceAccounts/trendfeed-cb56b@appspot.gserviceaccount.com:testIamPermissions 200
[debug] [2025-11-23T11:03:24.879Z] <<< [apiv2][body] POST https://iam.googleapis.com/v1/projects/trendfeed-cb56b/serviceAccounts/trendfeed-cb56b@appspot.gserviceaccount.com:testIamPermissions {"permissions":["iam.serviceAccounts.actAs"]}
[info] 
[info] === Deploying to 'trendfeed-cb56b'...
[info] 
[info] i  deploying functions 
[info] Running command: npm --prefix "$RESOURCE_DIR" run build
