[debug] [2025-11-22T17:26:57.585Z] ----------------------------------------------------------------------
[debug] [2025-11-22T17:26:57.587Z] Command:       /Users/Ruffles/.nvm/versions/node/v20.18.1/bin/node /Users/Ruffles/.nvm/versions/node/v20.18.1/bin/firebase deploy --only functions
[debug] [2025-11-22T17:26:57.588Z] CLI Version:   14.26.0
[debug] [2025-11-22T17:26:57.588Z] Platform:      darwin
[debug] [2025-11-22T17:26:57.588Z] Node Version:  v20.18.1
[debug] [2025-11-22T17:26:57.588Z] Time:          Sun Nov 23 2025 02:26:57 GMT+0900 (Korean Standard Time)
[debug] [2025-11-22T17:26:57.588Z] ----------------------------------------------------------------------
[debug] 
[debug] [2025-11-22T17:26:57.754Z] > command requires scopes: ["email","openid","https://www.googleapis.com/auth/cloudplatformprojects.readonly","https://www.googleapis.com/auth/firebase","https://www.googleapis.com/auth/cloud-platform"]
[debug] [2025-11-22T17:26:57.755Z] > authorizing via signed-in user (20011211s@gmail.com)
[debug] [2025-11-22T17:26:57.755Z] [iam] checking project trendfeed-cb56b for permissions ["cloudfunctions.functions.create","cloudfunctions.functions.delete","cloudfunctions.functions.get","cloudfunctions.functions.list","cloudfunctions.functions.update","cloudfunctions.operations.get","firebase.projects.get"]
[debug] [2025-11-22T17:26:57.755Z] Checked if tokens are valid: true, expires at: 1763834460099
[debug] [2025-11-22T17:26:57.756Z] Checked if tokens are valid: true, expires at: 1763834460099
[debug] [2025-11-22T17:26:57.756Z] >>> [apiv2][query] POST https://cloudresourcemanager.googleapis.com/v1/projects/trendfeed-cb56b:testIamPermissions [none]
[debug] [2025-11-22T17:26:57.756Z] >>> [apiv2][(partial)header] POST https://cloudresourcemanager.googleapis.com/v1/projects/trendfeed-cb56b:testIamPermissions x-goog-quota-user=projects/trendfeed-cb56b
[debug] [2025-11-22T17:26:57.757Z] >>> [apiv2][body] POST https://cloudresourcemanager.googleapis.com/v1/projects/trendfeed-cb56b:testIamPermissions {"permissions":["cloudfunctions.functions.create","cloudfunctions.functions.delete","cloudfunctions.functions.get","cloudfunctions.functions.list","cloudfunctions.functions.update","cloudfunctions.operations.get","firebase.projects.get"]}
[debug] [2025-11-22T17:26:58.020Z] <<< [apiv2][status] POST https://cloudresourcemanager.googleapis.com/v1/projects/trendfeed-cb56b:testIamPermissions 200
[debug] [2025-11-22T17:26:58.020Z] <<< [apiv2][body] POST https://cloudresourcemanager.googleapis.com/v1/projects/trendfeed-cb56b:testIamPermissions {"permissions":["cloudfunctions.functions.create","cloudfunctions.functions.delete","cloudfunctions.functions.get","cloudfunctions.functions.list","cloudfunctions.functions.update","cloudfunctions.operations.get","firebase.projects.get"]}
[debug] [2025-11-22T17:26:58.021Z] Checked if tokens are valid: true, expires at: 1763834460099
[debug] [2025-11-22T17:26:58.021Z] Checked if tokens are valid: true, expires at: 1763834460099
[debug] [2025-11-22T17:26:58.021Z] >>> [apiv2][query] POST https://iam.googleapis.com/v1/projects/trendfeed-cb56b/serviceAccounts/trendfeed-cb56b@appspot.gserviceaccount.com:testIamPermissions [none]
[debug] [2025-11-22T17:26:58.021Z] >>> [apiv2][body] POST https://iam.googleapis.com/v1/projects/trendfeed-cb56b/serviceAccounts/trendfeed-cb56b@appspot.gserviceaccount.com:testIamPermissions {"permissions":["iam.serviceAccounts.actAs"]}
[debug] [2025-11-22T17:26:59.432Z] <<< [apiv2][status] POST https://iam.googleapis.com/v1/projects/trendfeed-cb56b/serviceAccounts/trendfeed-cb56b@appspot.gserviceaccount.com:testIamPermissions 200
[debug] [2025-11-22T17:26:59.432Z] <<< [apiv2][body] POST https://iam.googleapis.com/v1/projects/trendfeed-cb56b/serviceAccounts/trendfeed-cb56b@appspot.gserviceaccount.com:testIamPermissions {"permissions":["iam.serviceAccounts.actAs"]}
[info] 
[info] === Deploying to 'trendfeed-cb56b'...
[info] 
[info] i  deploying functions 
[info] Running command: npm --prefix "$RESOURCE_DIR" run build
